{
  "RSpec": {
    "coverage": {
      "/home/daniel/projects/strata_plan/spec/controllers/journey_controller_spec.rb": [
        1,
        null,
        1,
        null,
        null
      ],
      "/home/daniel/projects/strata_plan/spec/rails_helper.rb": [
        null,
        1,
        1,
        1,
        1,
        null,
        null,
        null,
        null,
        null,
        null,
        null,
        null,
        null,
        null,
        null,
        null,
        null,
        null,
        null,
        null,
        null,
        null,
        null,
        1,
        null,
        1,
        null,
        1,
        null,
        null,
        null,
        null,
        1,
        null,
        null,
        null,
        null,
        null,
        null,
        null,
        null,
        null,
        null,
        null,
        null,
        null,
        null,
        1,
        null
      ],
      "/home/daniel/projects/strata_plan/config/environment.rb": [
        null,
        1,
        null,
        null,
        1
      ],
      "/home/daniel/projects/strata_plan/config/application.rb": [
        1,
        null,
        1,
        null,
        null,
        null,
        1,
        null,
        1,
        1,
        null,
        null,
        null,
        null,
        null,
        null,
        null,
        null,
        null,
        null,
        null,
        null,
        null,
        1,
        null,
        null
      ],
      "/home/daniel/projects/strata_plan/config/boot.rb": [
        1,
        null,
        1
      ],
      "/home/daniel/projects/strata_plan/config/environments/test.rb": [
        1,
        null,
        null,
        null,
        null,
        null,
        null,
        1,
        null,
        null,
        null,
        null,
        1,
        null,
        null,
        1,
        1,
        null,
        null,
        1,
        1,
        null,
        null,
        1,
        null,
        null,
        1,
        null,
        null,
        null,
        null,
        1,
        null,
        null,
        1,
        null,
        null,
        1,
        null,
        null,
        null,
        null
      ],
      "/home/daniel/projects/strata_plan/config/initializers/assets.rb": [
        null,
        null,
        null,
        1,
        null,
        null,
        null,
        null,
        null,
        null,
        null
      ],
      "/home/daniel/projects/strata_plan/config/initializers/backtrace_silencers.rb": [
        null,
        null,
        null,
        null,
        null,
        null,
        null
      ],
      "/home/daniel/projects/strata_plan/config/initializers/check_database.rb": [
        null,
        null,
        null,
        null,
        null,
        null,
        null,
        null,
        null,
        null,
        null,
        null,
        null,
        null
      ],
      "/home/daniel/projects/strata_plan/config/initializers/cookies_serializer.rb": [
        null,
        null,
        1
      ],
      "/home/daniel/projects/strata_plan/config/initializers/devise.rb": [
        null,
        null,
        1,
        null,
        null,
        null,
        null,
        null,
        null,
        null,
        null,
        null,
        1,
        null,
        null,
        null,
        null,
        null,
        null,
        null,
        null,
        1,
        null,
        null,
        null,
        null,
        null,
        null,
        null,
        null,
        null,
        null,
        null,
        null,
        null,
        null,
        null,
        null,
        null,
        null,
        null,
        null,
        null,
        1,
        null,
        null,
        null,
        null,
        1,
        null,
        null,
        null,
        null,
        null,
        null,
        null,
        null,
        null,
        null,
        null,
        null,
        null,
        null,
        null,
        null,
        null,
        null,
        null,
        null,
        null,
        null,
        null,
        null,
        null,
        null,
        null,
        null,
        null,
        null,
        1,
        null,
        null,
        null,
        null,
        null,
        null,
        null,
        null,
        null,
        null,
        null,
        null,
        null,
        null,
        null,
        null,
        1,
        null,
        null,
        null,
        null,
        null,
        null,
        null,
        null,
        null,
        null,
        null,
        null,
        null,
        null,
        null,
        null,
        null,
        null,
        null,
        null,
        null,
        null,
        null,
        null,
        1,
        null,
        null,
        null,
        null,
        null,
        null,
        null,
        null,
        null,
        1,
        null,
        null,
        null,
        null,
        null,
        null,
        null,
        null,
        null,
        null,
        1,
        null,
        null,
        null,
        null,
        null,
        null,
        null,
        null,
        null,
        null,
        null,
        null,
        null,
        null,
        null,
        null,
        null,
        null,
        null,
        null,
        null,
        null,
        null,
        null,
        null,
        null,
        null,
        null,
        null,
        null,
        null,
        null,
        null,
        null,
        null,
        null,
        null,
        null,
        null,
        null,
        null,
        null,
        null,
        null,
        null,
        null,
        null,
        null,
        1,
        null,
        null,
        null,
        null,
        null,
        null,
        null,
        null,
        null,
        null,
        null,
        null,
        null,
        null,
        null,
        null,
        null,
        null,
        null,
        null,
        null,
        null,
        null,
        null,
        null,
        null,
        null,
        null,
        null,
        null,
        null,
        null,
        null,
        null,
        null,
        null,
        null,
        1,
        null,
        null,
        null,
        null,
        null,
        null,
        null,
        null,
        null,
        null,
        null,
        null,
        null,
        null,
        null,
        null,
        null,
        null,
        null,
        null,
        null,
        null,
        null,
        null,
        null,
        null,
        null,
        null,
        null
      ],
      "/home/daniel/projects/strata_plan/config/initializers/filter_parameter_logging.rb": [
        null,
        null,
        null,
        1
      ],
      "/home/daniel/projects/strata_plan/config/initializers/inflections.rb": [
        null,
        null,
        null,
        null,
        null,
        null,
        null,
        null,
        null,
        null,
        null,
        null,
        null,
        null,
        null,
        null
      ],
      "/home/daniel/projects/strata_plan/config/initializers/mime_types.rb": [
        null,
        null,
        null,
        null
      ],
      "/home/daniel/projects/strata_plan/config/initializers/session_store.rb": [
        null,
        null,
        1
      ],
      "/home/daniel/projects/strata_plan/config/initializers/wrap_parameters.rb": [
        null,
        null,
        null,
        null,
        null,
        null,
        1,
        1,
        null,
        null,
        null,
        null,
        null,
        null
      ],
      "/home/daniel/projects/strata_plan/spec/factories/airports.rb": [
        1,
        1,
        1,
        1,
        1,
        1,
        1,
        1,
        1,
        1,
        1,
        1,
        1,
        null,
        null,
        null
      ],
      "/home/daniel/projects/strata_plan/spec/factories/flight_plans.rb": [
        1,
        1,
        1,
        1,
        null,
        null,
        null
      ],
      "/home/daniel/projects/strata_plan/spec/factories/journeys.rb": [
        1,
        1,
        1,
        1,
        null,
        null,
        null
      ],
      "/home/daniel/projects/strata_plan/spec/factories/travellers.rb": [
        1,
        1,
        1,
        1,
        null,
        null,
        null
      ],
      "/home/daniel/projects/strata_plan/spec/factories/waypoints.rb": [
        1,
        1,
        1,
        1,
        null,
        null,
        null
      ],
      "/home/daniel/projects/strata_plan/config/routes.rb": [
        1,
        1,
        null,
        1,
        1,
        1,
        1,
        null,
        1,
        null
      ],
      "/home/daniel/projects/strata_plan/app/models/traveller.rb": [
        1,
        null,
        null,
        1,
        null,
        null,
        1,
        1,
        null,
        null
      ],
      "/home/daniel/projects/strata_plan/app/helpers/application_helper.rb": [
        1,
        null,
        1,
        0,
        null,
        null,
        null
      ],
      "/home/daniel/projects/strata_plan/app/controllers/journey_controller.rb": [
        1,
        null,
        1,
        0,
        null,
        null,
        1,
        0,
        0,
        null,
        null,
        1,
        0,
        null,
        null,
        1,
        0,
        0,
        null,
        0,
        null,
        null,
        null,
        1,
        1,
        0,
        null,
        null,
        1,
        0,
        null,
        null,
        null
      ],
      "/home/daniel/projects/strata_plan/app/controllers/application_controller.rb": [
        1,
        null,
        null,
        1,
        null
      ],
      "/home/daniel/projects/strata_plan/spec/models/airport_spec.rb": [
        1,
        null,
        1,
        1,
        null
      ],
      "/home/daniel/projects/strata_plan/app/models/airport.rb": [
        1,
        null,
        1,
        null,
        1,
        1,
        0,
        null,
        null
      ],
      "/home/daniel/projects/strata_plan/spec/models/flight_plan_spec.rb": [
        1,
        null,
        1,
        1,
        1,
        2,
        2,
        2,
        2,
        null,
        2,
        null,
        null,
        1,
        1,
        null,
        null,
        1,
        1,
        null,
        null,
        null,
        null
      ],
      "/home/daniel/projects/strata_plan/app/models/flight_plan.rb": [
        1,
        null,
        null,
        null,
        null,
        null,
        1,
        null,
        1,
        1,
        1,
        null,
        null,
        1,
        null,
        null,
        6,
        6,
        null,
        null,
        null
      ],
      "/home/daniel/projects/strata_plan/spec/models/journey_spec.rb": [
        1,
        null,
        1,
        1,
        null
      ],
      "/home/daniel/projects/strata_plan/app/models/journey.rb": [
        1,
        null,
        1,
        3,
        null,
        null
      ],
      "/home/daniel/projects/strata_plan/spec/models/traveller_spec.rb": [
        1,
        null,
        1,
        null,
        1,
        null,
        null,
        1,
        1,
        1,
        1,
        null,
        null,
        1,
        1,
        1,
        null,
        null,
        null,
        null,
        null,
        null
      ],
      "/home/daniel/projects/strata_plan/spec/models/waypoint_spec.rb": [
        1,
        null,
        1,
        1,
        null,
        1,
        1,
        1,
        1,
        null,
        1,
        null,
        null,
        null,
        null
      ],
      "/home/daniel/projects/strata_plan/app/models/waypoint.rb": [
        1,
        null,
        1,
        1,
        null,
        1,
        1,
        1,
        null,
        null,
        null,
        1,
        null,
        1,
        1,
        0,
        null,
        null,
        null
      ],
      "/home/daniel/projects/strata_plan/app/models/flight.rb": [
        1,
        null,
        1,
        1,
        null,
        null
      ]
    },
    "timestamp": 1429558125
  }
}
